<?xml version="1.0" encoding="UTF-8"?>
<!-- Generated by org.testng.reporters.JUnitXMLReporter -->
<testsuite ignored="0" hostname="HP-ARIFINTAHU" failures="0" tests="4" name="Default test" time="18.54" errors="0" timestamp="09 Jun 2022 03:48:29 GMT">
  <testcase classname="qaautomation.may2022.APITestAfterRefactor" name="configAPI" time="2.432"/>
  <testcase classname="qaautomation.may2022.APITestAfterRefactor" name="dashboardAPI" time="2.061"/>
  <testcase classname="qaautomation.may2022.APITestAfterRefactor" name="fakerTest" time="0.13"/>
  <testcase classname="qaautomation.may2022.APITestAfterRefactor" name="userAPI" time="1.946"/>
</testsuite> <!-- Default test -->
