<?xml version="1.0" encoding="UTF-8"?>
<!-- Generated by org.testng.reporters.JUnitXMLReporter -->
<testsuite ignored="0" hostname="HP-ARIFINTAHU" failures="0" tests="6" name="Test" time="19.287" errors="0" timestamp="02 Jun 2022 22:33:26 GMT">
  <testcase classname="qaautomation.may2022.APITestAfterRefactor" name="configAPI" time="1.828"/>
  <testcase classname="qaautomation.may2022.APITestAfterRefactor" name="dashboardAPI" time="1.831"/>
  <testcase classname="qaautomation.may2022.APITestAfterRefactor" name="fakerTest" time="0.18"/>
  <testcase classname="qaautomation.may2022.APITestAfterRefactor" name="userAPI" time="1.691"/>
  <testcase classname="qaautomation.may2022.GraphQLTest" name="checkCEO" time="2.464"/>
  <testcase classname="qaautomation.may2022.GraphQLTest" name="getLaunchesWithVariable" time="1.6"/>
</testsuite> <!-- Test -->
