<?xml version="1.0" encoding="UTF-8"?>
<!-- Generated by org.testng.reporters.JUnitXMLReporter -->
<testsuite ignored="0" hostname="HP-ARIFINTAHU" failures="0" tests="6" name="Test" time="21.637" errors="0" timestamp="09 Jun 2022 03:11:15 GMT">
  <testcase classname="qaautomation.may2022.APITestAfterRefactor" name="configAPI" time="1.81"/>
  <testcase classname="qaautomation.may2022.APITestAfterRefactor" name="dashboardAPI" time="2.448"/>
  <testcase classname="qaautomation.may2022.APITestAfterRefactor" name="fakerTest" time="0.175"/>
  <testcase classname="qaautomation.may2022.APITestAfterRefactor" name="userAPI" time="1.771"/>
  <testcase classname="qaautomation.may2022.GraphQLTest" name="checkCEO" time="3.736"/>
  <testcase classname="qaautomation.may2022.GraphQLTest" name="getLaunchesWithVariable" time="2.179"/>
</testsuite> <!-- Test -->
