<?xml version="1.0" encoding="UTF-8"?>
<testsuite xmlns:xsi="http://www.w3.org/2001/XMLSchema-instance" xsi:schemaLocation="https://maven.apache.org/surefire/maven-surefire-plugin/xsd/surefire-test-report.xsd" name="TestSuite" time="25.258" tests="6" errors="0" skipped="0" failures="0">
  <properties>
[...]
</properties>
  <testcase name="configAPI" classname="qaautomation.may2022.APITestAfterRefactor" time="1.773"/>
  <testcase name="dashboardAPI" classname="qaautomation.may2022.APITestAfterRefactor" time="2.448"/>
  <testcase name="fakerTest" classname="qaautomation.may2022.APITestAfterRefactor" time="0.174"/>
  <testcase name="userAPI" classname="qaautomation.may2022.APITestAfterRefactor" time="1.772"/>
  <testcase name="checkCEO" classname="qaautomation.may2022.GraphQLTest" time="3.736"/>
  <testcase name="getLaunchesWithVariable" classname="qaautomation.may2022.GraphQLTest" time="2.178"/>
</testsuite>