<?xml version="1.0" encoding="UTF-8"?>
<testng-results ignored="0" total="4" passed="4" failed="0" skipped="0">
  <reporter-output>
  </reporter-output>
  <suite started-at="2022-06-09T03:48:10Z" name="Default suite" finished-at="2022-06-09T03:48:28Z" duration-ms="18540">
    <groups>
    </groups>
    <test started-at="2022-06-09T03:48:10Z" name="Default test" finished-at="2022-06-09T03:48:28Z" duration-ms="18540">
      <class name="qaautomation.may2022.APITestAfterRefactor">
        <test-method is-config="true" signature="login()[pri:0, instance:qaautomation.may2022.APITestAfterRefactor@70e889e9]" started-at="2022-06-09T03:48:10Z" name="login" finished-at="2022-06-09T03:48:14Z" duration-ms="3693" status="PASS">
          <reporter-output>
          </reporter-output>
        </test-method> <!-- login -->
        <test-method signature="configAPI()[pri:0, instance:qaautomation.may2022.APITestAfterRefactor@70e889e9]" started-at="2022-06-09T03:48:14Z" name="configAPI" finished-at="2022-06-09T03:48:16Z" duration-ms="2432" status="PASS">
          <reporter-output>
          </reporter-output>
        </test-method> <!-- configAPI -->
        <test-method is-config="true" signature="login()[pri:0, instance:qaautomation.may2022.APITestAfterRefactor@70e889e9]" started-at="2022-06-09T03:48:16Z" name="login" finished-at="2022-06-09T03:48:19Z" duration-ms="3270" status="PASS">
          <reporter-output>
          </reporter-output>
        </test-method> <!-- login -->
        <test-method signature="dashboardAPI()[pri:0, instance:qaautomation.may2022.APITestAfterRefactor@70e889e9]" started-at="2022-06-09T03:48:19Z" name="dashboardAPI" finished-at="2022-06-09T03:48:22Z" duration-ms="2061" status="PASS">
          <reporter-output>
          </reporter-output>
        </test-method> <!-- dashboardAPI -->
        <test-method is-config="true" signature="login()[pri:0, instance:qaautomation.may2022.APITestAfterRefactor@70e889e9]" started-at="2022-06-09T03:48:22Z" name="login" finished-at="2022-06-09T03:48:24Z" duration-ms="2561" status="PASS">
          <reporter-output>
          </reporter-output>
        </test-method> <!-- login -->
        <test-method signature="fakerTest()[pri:0, instance:qaautomation.may2022.APITestAfterRefactor@70e889e9]" started-at="2022-06-09T03:48:24Z" name="fakerTest" finished-at="2022-06-09T03:48:24Z" duration-ms="130" status="PASS">
          <reporter-output>
          </reporter-output>
        </test-method> <!-- fakerTest -->
        <test-method is-config="true" signature="login()[pri:0, instance:qaautomation.may2022.APITestAfterRefactor@70e889e9]" started-at="2022-06-09T03:48:24Z" name="login" finished-at="2022-06-09T03:48:27Z" duration-ms="2246" status="PASS">
          <reporter-output>
          </reporter-output>
        </test-method> <!-- login -->
        <test-method signature="userAPI()[pri:0, instance:qaautomation.may2022.APITestAfterRefactor@70e889e9]" started-at="2022-06-09T03:48:27Z" name="userAPI" finished-at="2022-06-09T03:48:28Z" duration-ms="1946" status="PASS">
          <reporter-output>
          </reporter-output>
        </test-method> <!-- userAPI -->
      </class> <!-- qaautomation.may2022.APITestAfterRefactor -->
    </test> <!-- Default test -->
  </suite> <!-- Default suite -->
</testng-results>
